<?xml version="1.0" encoding="UTF-8"?>
<robot generator="Robot 5.0 (Python 3.10.2 on win32)" generated="20221006 21:00:00.884" rpa="false" schemaversion="3">
<suite id="s1" name="BasicAuth" source="C:\Users\SauravSharma\PycharmProjects\APIAutomationUsingRobotFramework\TestCases\BasicAuth.robot">
<test id="s1-t1" name="Validating Headers" line="11">
<kw name="Create List" library="BuiltIn">
<var>${auth}</var>
<arg>foo</arg>
<arg>bar</arg>
<doc>Returns a list containing given items.</doc>
<msg timestamp="20221006 21:00:01.438" level="INFO">${auth} = ['foo', 'bar']</msg>
<status status="PASS" starttime="20221006 21:00:01.438" endtime="20221006 21:00:01.438"/>
</kw>
<kw name="Create Session" library="RequestsLibrary">
<arg>mysession</arg>
<arg>${baseUrl}</arg>
<arg>auth=${auth}</arg>
<doc>Create Session: create a HTTP session to a server</doc>
<msg timestamp="20221006 21:00:01.438" level="INFO">Creating Session using : alias=mysession, url=http://httpbin.org/basic-auth, headers={},                     cookies={}, auth=&lt;requests.auth.HTTPBasicAuth object at 0x000002A5D4E210F0&gt;, timeout=None, proxies=None, verify=False,                     debug=0 </msg>
<status status="PASS" starttime="20221006 21:00:01.438" endtime="20221006 21:00:01.438"/>
</kw>
<kw name="Get Request" library="RequestsLibrary">
<var>${response}</var>
<arg>mysession</arg>
<arg>/foo/bar</arg>
<doc>*DEPRECATED* Please use `GET On Session` instead.</doc>
<msg timestamp="20221006 21:00:01.438" level="WARN">Keyword 'RequestsLibrary.Get Request' is deprecated. Please use `GET On Session` instead.</msg>
<msg timestamp="20221006 21:00:01.921" level="INFO">GET Request : url=http://httpbin.org/basic-auth/foo/bar 
 path_url=/basic-auth/foo/bar 
 headers={'User-Agent': 'python-requests/2.27.1', 'Accept-Encoding': 'gzip, deflate, br', 'Accept': '*/*', 'Connection': 'keep-alive', 'Authorization': 'Basic Zm9vOmJhcg=='} 
 body=None 
 </msg>
<msg timestamp="20221006 21:00:01.921" level="INFO">GET Response : url=http://httpbin.org/basic-auth/foo/bar 
 status=200, reason=OK 
 headers={'Date': 'Thu, 06 Oct 2022 15:30:02 GMT', 'Content-Type': 'application/json', 'Content-Length': '46', 'Connection': 'keep-alive', 'Server': 'gunicorn/19.9.0', 'Access-Control-Allow-Origin': '*', 'Access-Control-Allow-Credentials': 'true'} 
 body={
  "authenticated": true, 
  "user": "foo"
}
 
 </msg>
<msg timestamp="20221006 21:00:01.921" level="INFO">${response} = &lt;Response [200]&gt;</msg>
<status status="PASS" starttime="20221006 21:00:01.438" endtime="20221006 21:00:01.921"/>
</kw>
<kw name="Log To Console" library="BuiltIn">
<arg>${response.content}</arg>
<doc>Logs the given message to the console.</doc>
<status status="PASS" starttime="20221006 21:00:01.921" endtime="20221006 21:00:01.921"/>
</kw>
<kw name="Should Be Equal As Strings" library="BuiltIn">
<arg>${response.status_code}</arg>
<arg>200</arg>
<doc>Fails if objects are unequal after converting them to strings.</doc>
<msg timestamp="20221006 21:00:01.921" level="INFO">Argument types are:
&lt;class 'int'&gt;
&lt;class 'str'&gt;</msg>
<status status="PASS" starttime="20221006 21:00:01.921" endtime="20221006 21:00:01.921"/>
</kw>
<status status="PASS" starttime="20221006 21:00:01.438" endtime="20221006 21:00:01.921"/>
</test>
<status status="PASS" starttime="20221006 21:00:00.884" endtime="20221006 21:00:01.921"/>
</suite>
<statistics>
<total>
<stat pass="1" fail="0" skip="0">All Tests</stat>
</total>
<tag>
</tag>
<suite>
<stat pass="1" fail="0" skip="0" id="s1" name="BasicAuth">BasicAuth</stat>
</suite>
</statistics>
<errors>
<msg timestamp="20221006 21:00:01.438" level="WARN">Keyword 'RequestsLibrary.Get Request' is deprecated. Please use `GET On Session` instead.</msg>
</errors>
</robot>
